{"D:\\Denilson\\Technical test\\Reign\\technical-assessment\\src\\api\\search.js": {"path":"D:\\Denilson\\Technical test\\Reign\\technical-assessment\\src\\api\\search.js","statementMap":{"0":{"start":{"line":1,"column":17},"end":{"line":1,"column":49}},"1":{"start":{"line":7,"column":23},"end":{"line":8,"column":62}},"2":{"start":{"line":8,"column":2},"end":{"line":8,"column":62}},"3":{"start":{"line":16,"column":19},"end":{"line":40,"column":1}},"4":{"start":{"line":17,"column":22},"end":{"line":38,"column":64}},"5":{"start":{"line":24,"column":6},"end":{"line":26,"column":7}},"6":{"start":{"line":25,"column":8},"end":{"line":25,"column":72}},"7":{"start":{"line":28,"column":6},"end":{"line":28,"column":29}},"8":{"start":{"line":31,"column":32},"end":{"line":31,"column":36}},"9":{"start":{"line":35,"column":23},"end":{"line":35,"column":50}},"10":{"start":{"line":36,"column":6},"end":{"line":36,"column":57}},"11":{"start":{"line":38,"column":23},"end":{"line":38,"column":62}},"12":{"start":{"line":39,"column":2},"end":{"line":39,"column":21}}},"fnMap":{"0":{"name":"(anonymous_0)","decl":{"start":{"line":7,"column":23},"end":{"line":7,"column":24}},"loc":{"start":{"line":8,"column":2},"end":{"line":8,"column":62}},"line":8},"1":{"name":"(anonymous_1)","decl":{"start":{"line":16,"column":19},"end":{"line":16,"column":20}},"loc":{"start":{"line":16,"column":38},"end":{"line":40,"column":1}},"line":16},"2":{"name":"(anonymous_2)","decl":{"start":{"line":20,"column":10},"end":{"line":20,"column":11}},"loc":{"start":{"line":20,"column":24},"end":{"line":29,"column":5}},"line":20},"3":{"name":"(anonymous_3)","decl":{"start":{"line":30,"column":10},"end":{"line":30,"column":11}},"loc":{"start":{"line":30,"column":20},"end":{"line":37,"column":5}},"line":30},"4":{"name":"(anonymous_4)","decl":{"start":{"line":38,"column":11},"end":{"line":38,"column":12}},"loc":{"start":{"line":38,"column":23},"end":{"line":38,"column":62}},"line":38}},"branchMap":{"0":{"loc":{"start":{"line":24,"column":6},"end":{"line":26,"column":7}},"type":"if","locations":[{"start":{"line":24,"column":6},"end":{"line":26,"column":7}},{"start":{},"end":{}}],"line":24}},"s":{"0":2,"1":2,"2":2,"3":2,"4":3,"5":3,"6":1,"7":2,"8":2,"9":2,"10":2,"11":1,"12":3},"f":{"0":2,"1":3,"2":3,"3":2,"4":1},"b":{"0":[1,2]},"_coverageSchema":"1a1c01bbd47fc00a2c39e90264f33305004495a9","hash":"818e96466c8e06eb3881e1310a1a1a347cc8812f"}
,"D:\\Denilson\\Technical test\\Reign\\technical-assessment\\src\\components\\dropdown\\index.jsx": {"path":"D:\\Denilson\\Technical test\\Reign\\technical-assessment\\src\\components\\dropdown\\index.jsx","statementMap":{"0":{"start":{"line":13,"column":17},"end":{"line":83,"column":1}},"1":{"start":{"line":17,"column":21},"end":{"line":17,"column":58}},"2":{"start":{"line":17,"column":44},"end":{"line":17,"column":57}},"3":{"start":{"line":21,"column":36},"end":{"line":21,"column":52}},"4":{"start":{"line":26,"column":22},"end":{"line":28,"column":3}},"5":{"start":{"line":27,"column":4},"end":{"line":27,"column":13}},"6":{"start":{"line":32,"column":22},"end":{"line":36,"column":3}},"7":{"start":{"line":33,"column":4},"end":{"line":33,"column":41}},"8":{"start":{"line":34,"column":4},"end":{"line":34,"column":18}},"9":{"start":{"line":35,"column":4},"end":{"line":35,"column":26}},"10":{"start":{"line":38,"column":2},"end":{"line":82,"column":4}},"11":{"start":{"line":42,"column":24},"end":{"line":42,"column":59}},"12":{"start":{"line":52,"column":10},"end":{"line":78,"column":16}},"13":{"start":{"line":56,"column":14},"end":{"line":58,"column":15}},"14":{"start":{"line":57,"column":16},"end":{"line":57,"column":35}},"15":{"start":{"line":60,"column":28},"end":{"line":60,"column":65}}},"fnMap":{"0":{"name":"(anonymous_0)","decl":{"start":{"line":13,"column":17},"end":{"line":13,"column":18}},"loc":{"start":{"line":13,"column":48},"end":{"line":83,"column":1}},"line":13},"1":{"name":"(anonymous_1)","decl":{"start":{"line":17,"column":33},"end":{"line":17,"column":34}},"loc":{"start":{"line":17,"column":44},"end":{"line":17,"column":57}},"line":17},"2":{"name":"(anonymous_2)","decl":{"start":{"line":26,"column":22},"end":{"line":26,"column":23}},"loc":{"start":{"line":26,"column":28},"end":{"line":28,"column":3}},"line":26},"3":{"name":"(anonymous_3)","decl":{"start":{"line":32,"column":22},"end":{"line":32,"column":23}},"loc":{"start":{"line":32,"column":33},"end":{"line":36,"column":3}},"line":32},"4":{"name":"(anonymous_4)","decl":{"start":{"line":42,"column":17},"end":{"line":42,"column":18}},"loc":{"start":{"line":42,"column":24},"end":{"line":42,"column":59}},"line":42},"5":{"name":"(anonymous_5)","decl":{"start":{"line":51,"column":19},"end":{"line":51,"column":20}},"loc":{"start":{"line":52,"column":10},"end":{"line":78,"column":16}},"line":52},"6":{"name":"(anonymous_6)","decl":{"start":{"line":54,"column":21},"end":{"line":54,"column":22}},"loc":{"start":{"line":54,"column":32},"end":{"line":59,"column":13}},"line":54},"7":{"name":"(anonymous_7)","decl":{"start":{"line":60,"column":21},"end":{"line":60,"column":22}},"loc":{"start":{"line":60,"column":28},"end":{"line":60,"column":65}},"line":60}},"branchMap":{"0":{"loc":{"start":{"line":42,"column":24},"end":{"line":42,"column":59}},"type":"binary-expr","locations":[{"start":{"line":42,"column":24},"end":{"line":42,"column":42}},{"start":{"line":42,"column":46},"end":{"line":42,"column":59}}],"line":42},"1":{"loc":{"start":{"line":56,"column":14},"end":{"line":58,"column":15}},"type":"if","locations":[{"start":{"line":56,"column":14},"end":{"line":58,"column":15}},{"start":{},"end":{}}],"line":56},"2":{"loc":{"start":{"line":60,"column":28},"end":{"line":60,"column":65}},"type":"binary-expr","locations":[{"start":{"line":60,"column":28},"end":{"line":60,"column":46}},{"start":{"line":60,"column":50},"end":{"line":60,"column":65}}],"line":60},"3":{"loc":{"start":{"line":65,"column":31},"end":{"line":66,"column":63}},"type":"binary-expr","locations":[{"start":{"line":65,"column":31},"end":{"line":65,"column":55}},{"start":{"line":66,"column":31},"end":{"line":66,"column":63}}],"line":65}},"s":{"0":2,"1":10,"2":19,"3":10,"4":10,"5":1,"6":10,"7":0,"8":0,"9":0,"10":10,"11":0,"12":30,"13":0,"14":0,"15":0},"f":{"0":10,"1":19,"2":1,"3":0,"4":0,"5":30,"6":0,"7":0},"b":{"0":[0,0],"1":[0,0],"2":[0,0],"3":[30,10]},"_coverageSchema":"1a1c01bbd47fc00a2c39e90264f33305004495a9","hash":"7dbdc7c371fbafd007e8ae19ad0e5dd715d4fe1a"}
,"D:\\Denilson\\Technical test\\Reign\\technical-assessment\\src\\components\\fav-button\\index.jsx": {"path":"D:\\Denilson\\Technical test\\Reign\\technical-assessment\\src\\components\\fav-button\\index.jsx","statementMap":{"0":{"start":{"line":5,"column":18},"end":{"line":15,"column":1}},"1":{"start":{"line":6,"column":2},"end":{"line":14,"column":4}}},"fnMap":{"0":{"name":"(anonymous_0)","decl":{"start":{"line":5,"column":18},"end":{"line":5,"column":19}},"loc":{"start":{"line":5,"column":47},"end":{"line":15,"column":1}},"line":5}},"branchMap":{"0":{"loc":{"start":{"line":10,"column":20},"end":{"line":10,"column":74}},"type":"cond-expr","locations":[{"start":{"line":10,"column":33},"end":{"line":10,"column":48}},{"start":{"line":10,"column":51},"end":{"line":10,"column":74}}],"line":10}},"s":{"0":1,"1":4},"f":{"0":4},"b":{"0":[0,4]},"_coverageSchema":"1a1c01bbd47fc00a2c39e90264f33305004495a9","hash":"2a935d3c95fdf7073f48664c7243a17690414893"}
,"D:\\Denilson\\Technical test\\Reign\\technical-assessment\\src\\components\\header\\index.jsx": {"path":"D:\\Denilson\\Technical test\\Reign\\technical-assessment\\src\\components\\header\\index.jsx","statementMap":{"0":{"start":{"line":4,"column":15},"end":{"line":10,"column":1}},"1":{"start":{"line":5,"column":2},"end":{"line":9,"column":4}}},"fnMap":{"0":{"name":"(anonymous_0)","decl":{"start":{"line":4,"column":15},"end":{"line":4,"column":16}},"loc":{"start":{"line":4,"column":21},"end":{"line":10,"column":1}},"line":4}},"branchMap":{},"s":{"0":1,"1":1},"f":{"0":1},"b":{},"_coverageSchema":"1a1c01bbd47fc00a2c39e90264f33305004495a9","hash":"7807e71b27565e550b993ccb62e9a83e6d1eeed6"}
,"D:\\Denilson\\Technical test\\Reign\\technical-assessment\\src\\components\\loader\\index.jsx": {"path":"D:\\Denilson\\Technical test\\Reign\\technical-assessment\\src\\components\\loader\\index.jsx","statementMap":{"0":{"start":{"line":4,"column":15},"end":{"line":4,"column":51}},"1":{"start":{"line":4,"column":21},"end":{"line":4,"column":51}}},"fnMap":{"0":{"name":"(anonymous_0)","decl":{"start":{"line":4,"column":15},"end":{"line":4,"column":16}},"loc":{"start":{"line":4,"column":21},"end":{"line":4,"column":51}},"line":4}},"branchMap":{},"s":{"0":1,"1":3},"f":{"0":3},"b":{},"_coverageSchema":"1a1c01bbd47fc00a2c39e90264f33305004495a9","hash":"0fc30c88b27caca857ec27b4a402ad674776801c"}
,"D:\\Denilson\\Technical test\\Reign\\technical-assessment\\src\\components\\news-item\\index.jsx": {"path":"D:\\Denilson\\Technical test\\Reign\\technical-assessment\\src\\components\\news-item\\index.jsx","statementMap":{"0":{"start":{"line":13,"column":17},"end":{"line":51,"column":1}},"1":{"start":{"line":14,"column":19},"end":{"line":14,"column":32}},"2":{"start":{"line":18,"column":18},"end":{"line":18,"column":55}},"3":{"start":{"line":18,"column":41},"end":{"line":18,"column":54}},"4":{"start":{"line":19,"column":21},"end":{"line":19,"column":78}},"5":{"start":{"line":19,"column":43},"end":{"line":19,"column":77}},"6":{"start":{"line":23,"column":57},"end":{"line":23,"column":61}},"7":{"start":{"line":29,"column":25},"end":{"line":29,"column":59}},"8":{"start":{"line":29,"column":31},"end":{"line":29,"column":59}},"9":{"start":{"line":30,"column":30},"end":{"line":30,"column":70}},"10":{"start":{"line":30,"column":36},"end":{"line":30,"column":70}},"11":{"start":{"line":32,"column":24},"end":{"line":35,"column":3}},"12":{"start":{"line":33,"column":4},"end":{"line":34,"column":31}},"13":{"start":{"line":33,"column":21},"end":{"line":33,"column":38}},"14":{"start":{"line":34,"column":9},"end":{"line":34,"column":31}},"15":{"start":{"line":37,"column":2},"end":{"line":50,"column":4}}},"fnMap":{"0":{"name":"(anonymous_0)","decl":{"start":{"line":13,"column":17},"end":{"line":13,"column":18}},"loc":{"start":{"line":13,"column":27},"end":{"line":51,"column":1}},"line":13},"1":{"name":"(anonymous_1)","decl":{"start":{"line":18,"column":30},"end":{"line":18,"column":31}},"loc":{"start":{"line":18,"column":41},"end":{"line":18,"column":54}},"line":18},"2":{"name":"(anonymous_2)","decl":{"start":{"line":19,"column":30},"end":{"line":19,"column":31}},"loc":{"start":{"line":19,"column":43},"end":{"line":19,"column":77}},"line":19},"3":{"name":"(anonymous_3)","decl":{"start":{"line":29,"column":25},"end":{"line":29,"column":26}},"loc":{"start":{"line":29,"column":31},"end":{"line":29,"column":59}},"line":29},"4":{"name":"(anonymous_4)","decl":{"start":{"line":30,"column":30},"end":{"line":30,"column":31}},"loc":{"start":{"line":30,"column":36},"end":{"line":30,"column":70}},"line":30},"5":{"name":"(anonymous_5)","decl":{"start":{"line":32,"column":24},"end":{"line":32,"column":25}},"loc":{"start":{"line":32,"column":30},"end":{"line":35,"column":3}},"line":32}},"branchMap":{"0":{"loc":{"start":{"line":33,"column":4},"end":{"line":34,"column":31}},"type":"if","locations":[{"start":{"line":33,"column":4},"end":{"line":34,"column":31}},{"start":{"line":34,"column":9},"end":{"line":34,"column":31}}],"line":33}},"s":{"0":1,"1":4,"2":4,"3":6,"4":4,"5":0,"6":4,"7":4,"8":0,"9":4,"10":0,"11":4,"12":0,"13":0,"14":0,"15":4},"f":{"0":4,"1":6,"2":0,"3":0,"4":0,"5":0},"b":{"0":[0,0]},"_coverageSchema":"1a1c01bbd47fc00a2c39e90264f33305004495a9","hash":"ea995ae3e02513f1dcb6aa8dd38ef09506a3b114"}
,"D:\\Denilson\\Technical test\\Reign\\technical-assessment\\src\\containers\\news\\index.jsx": {"path":"D:\\Denilson\\Technical test\\Reign\\technical-assessment\\src\\containers\\news\\index.jsx","statementMap":{"0":{"start":{"line":13,"column":13},"end":{"line":82,"column":1}},"1":{"start":{"line":14,"column":19},"end":{"line":14,"column":32}},"2":{"start":{"line":17,"column":4},"end":{"line":17,"column":41}},"3":{"start":{"line":17,"column":27},"end":{"line":17,"column":40}},"4":{"start":{"line":20,"column":22},"end":{"line":20,"column":34}},"5":{"start":{"line":22,"column":2},"end":{"line":31,"column":5}},"6":{"start":{"line":23,"column":21},"end":{"line":23,"column":64}},"7":{"start":{"line":24,"column":4},"end":{"line":26,"column":5}},"8":{"start":{"line":25,"column":6},"end":{"line":25,"column":44}},"9":{"start":{"line":28,"column":4},"end":{"line":30,"column":6}},"10":{"start":{"line":29,"column":6},"end":{"line":29,"column":71}},"11":{"start":{"line":29,"column":31},"end":{"line":29,"column":71}},"12":{"start":{"line":36,"column":2},"end":{"line":38,"column":17}},"13":{"start":{"line":37,"column":4},"end":{"line":37,"column":30}},"14":{"start":{"line":41,"column":28},"end":{"line":46,"column":3}},"15":{"start":{"line":42,"column":4},"end":{"line":45,"column":5}},"16":{"start":{"line":44,"column":6},"end":{"line":44,"column":64}},"17":{"start":{"line":44,"column":28},"end":{"line":44,"column":64}},"18":{"start":{"line":49,"column":27},"end":{"line":52,"column":3}},"19":{"start":{"line":50,"column":4},"end":{"line":50,"column":46}},"20":{"start":{"line":51,"column":4},"end":{"line":51,"column":57}},"21":{"start":{"line":54,"column":2},"end":{"line":81,"column":4}},"22":{"start":{"line":68,"column":12},"end":{"line":68,"column":54}}},"fnMap":{"0":{"name":"(anonymous_0)","decl":{"start":{"line":13,"column":13},"end":{"line":13,"column":14}},"loc":{"start":{"line":13,"column":19},"end":{"line":82,"column":1}},"line":13},"1":{"name":"(anonymous_1)","decl":{"start":{"line":17,"column":16},"end":{"line":17,"column":17}},"loc":{"start":{"line":17,"column":27},"end":{"line":17,"column":40}},"line":17},"2":{"name":"(anonymous_2)","decl":{"start":{"line":22,"column":12},"end":{"line":22,"column":13}},"loc":{"start":{"line":22,"column":18},"end":{"line":31,"column":3}},"line":22},"3":{"name":"(anonymous_3)","decl":{"start":{"line":28,"column":11},"end":{"line":28,"column":12}},"loc":{"start":{"line":28,"column":17},"end":{"line":30,"column":5}},"line":28},"4":{"name":"(anonymous_4)","decl":{"start":{"line":36,"column":12},"end":{"line":36,"column":13}},"loc":{"start":{"line":36,"column":18},"end":{"line":38,"column":3}},"line":36},"5":{"name":"(anonymous_5)","decl":{"start":{"line":41,"column":28},"end":{"line":41,"column":29}},"loc":{"start":{"line":41,"column":41},"end":{"line":46,"column":3}},"line":41},"6":{"name":"(anonymous_6)","decl":{"start":{"line":49,"column":27},"end":{"line":49,"column":28}},"loc":{"start":{"line":49,"column":38},"end":{"line":52,"column":3}},"line":49},"7":{"name":"(anonymous_7)","decl":{"start":{"line":67,"column":20},"end":{"line":67,"column":21}},"loc":{"start":{"line":68,"column":12},"end":{"line":68,"column":54}},"line":68}},"branchMap":{"0":{"loc":{"start":{"line":24,"column":4},"end":{"line":26,"column":5}},"type":"if","locations":[{"start":{"line":24,"column":4},"end":{"line":26,"column":5}},{"start":{},"end":{}}],"line":24},"1":{"loc":{"start":{"line":29,"column":6},"end":{"line":29,"column":71}},"type":"if","locations":[{"start":{"line":29,"column":6},"end":{"line":29,"column":71}},{"start":{},"end":{}}],"line":29},"2":{"loc":{"start":{"line":42,"column":4},"end":{"line":45,"column":5}},"type":"if","locations":[{"start":{"line":42,"column":4},"end":{"line":45,"column":5}},{"start":{},"end":{}}],"line":42},"3":{"loc":{"start":{"line":44,"column":6},"end":{"line":44,"column":64}},"type":"if","locations":[{"start":{"line":44,"column":6},"end":{"line":44,"column":64}},{"start":{},"end":{}}],"line":44},"4":{"loc":{"start":{"line":64,"column":7},"end":{"line":64,"column":30}},"type":"binary-expr","locations":[{"start":{"line":64,"column":7},"end":{"line":64,"column":16}},{"start":{"line":64,"column":20},"end":{"line":64,"column":30}}],"line":64},"5":{"loc":{"start":{"line":65,"column":7},"end":{"line":72,"column":7}},"type":"binary-expr","locations":[{"start":{"line":65,"column":7},"end":{"line":65,"column":17}},{"start":{"line":65,"column":21},"end":{"line":65,"column":31}},{"start":{"line":66,"column":8},"end":{"line":71,"column":14}}],"line":65},"6":{"loc":{"start":{"line":70,"column":11},"end":{"line":70,"column":74}},"type":"binary-expr","locations":[{"start":{"line":70,"column":11},"end":{"line":70,"column":28}},{"start":{"line":70,"column":32},"end":{"line":70,"column":74}}],"line":70},"7":{"loc":{"start":{"line":73,"column":7},"end":{"line":79,"column":7}},"type":"binary-expr","locations":[{"start":{"line":73,"column":7},"end":{"line":73,"column":16}},{"start":{"line":74,"column":8},"end":{"line":78,"column":14}}],"line":73}},"s":{"0":1,"1":9,"2":9,"3":18,"4":9,"5":9,"6":9,"7":9,"8":4,"9":9,"10":9,"11":2,"12":9,"13":3,"14":9,"15":0,"16":0,"17":0,"18":9,"19":0,"20":0,"21":9,"22":4},"f":{"0":9,"1":18,"2":9,"3":9,"4":3,"5":0,"6":0,"7":4},"b":{"0":[4,5],"1":[2,7],"2":[0,0],"3":[0,0],"4":[9,3],"5":[9,6,5],"6":[5,4],"7":[9,1]},"_coverageSchema":"1a1c01bbd47fc00a2c39e90264f33305004495a9","hash":"db7be7ba9a6f75b3cdd5c6f89a2903197c5cfc6e"}
,"D:\\Denilson\\Technical test\\Reign\\technical-assessment\\src\\reducer\\actions.js": {"path":"D:\\Denilson\\Technical test\\Reign\\technical-assessment\\src\\reducer\\actions.js","statementMap":{"0":{"start":{"line":7,"column":24},"end":{"line":7,"column":34}},"1":{"start":{"line":8,"column":23},"end":{"line":8,"column":35}},"2":{"start":{"line":9,"column":27},"end":{"line":9,"column":40}},"3":{"start":{"line":10,"column":32},"end":{"line":10,"column":50}},"4":{"start":{"line":11,"column":37},"end":{"line":11,"column":60}},"5":{"start":{"line":12,"column":31},"end":{"line":12,"column":48}},"6":{"start":{"line":13,"column":26},"end":{"line":13,"column":44}},"7":{"start":{"line":18,"column":23},"end":{"line":21,"column":2}},"8":{"start":{"line":18,"column":37},"end":{"line":21,"column":1}},"9":{"start":{"line":23,"column":29},"end":{"line":26,"column":2}},"10":{"start":{"line":23,"column":43},"end":{"line":26,"column":1}},"11":{"start":{"line":28,"column":23},"end":{"line":30,"column":2}},"12":{"start":{"line":28,"column":31},"end":{"line":30,"column":1}},"13":{"start":{"line":32,"column":28},"end":{"line":35,"column":2}},"14":{"start":{"line":32,"column":42},"end":{"line":35,"column":1}},"15":{"start":{"line":37,"column":30},"end":{"line":40,"column":2}},"16":{"start":{"line":37,"column":44},"end":{"line":40,"column":1}},"17":{"start":{"line":42,"column":29},"end":{"line":45,"column":2}},"18":{"start":{"line":42,"column":43},"end":{"line":45,"column":1}},"19":{"start":{"line":51,"column":34},"end":{"line":54,"column":1}},"20":{"start":{"line":51,"column":44},"end":{"line":54,"column":1}},"21":{"start":{"line":52,"column":2},"end":{"line":52,"column":37}},"22":{"start":{"line":53,"column":2},"end":{"line":53,"column":33}},"23":{"start":{"line":60,"column":34},"end":{"line":69,"column":1}},"24":{"start":{"line":60,"column":44},"end":{"line":69,"column":1}},"25":{"start":{"line":62,"column":18},"end":{"line":62,"column":36}},"26":{"start":{"line":64,"column":20},"end":{"line":64,"column":74}},"27":{"start":{"line":64,"column":43},"end":{"line":64,"column":73}},"28":{"start":{"line":65,"column":2},"end":{"line":65,"column":27}},"29":{"start":{"line":67,"column":2},"end":{"line":67,"column":47}},"30":{"start":{"line":68,"column":2},"end":{"line":68,"column":30}},"31":{"start":{"line":75,"column":28},"end":{"line":82,"column":1}},"32":{"start":{"line":75,"column":38},"end":{"line":82,"column":1}},"33":{"start":{"line":77,"column":18},"end":{"line":77,"column":36}},"34":{"start":{"line":78,"column":2},"end":{"line":78,"column":17}},"35":{"start":{"line":80,"column":2},"end":{"line":80,"column":47}},"36":{"start":{"line":81,"column":2},"end":{"line":81,"column":30}},"37":{"start":{"line":88,"column":23},"end":{"line":103,"column":1}},"38":{"start":{"line":88,"column":35},"end":{"line":103,"column":1}},"39":{"start":{"line":90,"column":2},"end":{"line":90,"column":22}},"40":{"start":{"line":92,"column":19},"end":{"line":92,"column":37}},"41":{"start":{"line":94,"column":44},"end":{"line":94,"column":74}},"42":{"start":{"line":95,"column":2},"end":{"line":101,"column":3}},"43":{"start":{"line":97,"column":4},"end":{"line":97,"column":49}},"44":{"start":{"line":100,"column":4},"end":{"line":100,"column":35}},"45":{"start":{"line":102,"column":2},"end":{"line":102,"column":22}},"46":{"start":{"line":110,"column":27},"end":{"line":113,"column":1}},"47":{"start":{"line":110,"column":45},"end":{"line":113,"column":1}},"48":{"start":{"line":111,"column":19},"end":{"line":111,"column":51}},"49":{"start":{"line":112,"column":2},"end":{"line":112,"column":42}}},"fnMap":{"0":{"name":"(anonymous_0)","decl":{"start":{"line":18,"column":23},"end":{"line":18,"column":24}},"loc":{"start":{"line":18,"column":37},"end":{"line":21,"column":1}},"line":18},"1":{"name":"(anonymous_1)","decl":{"start":{"line":23,"column":29},"end":{"line":23,"column":30}},"loc":{"start":{"line":23,"column":43},"end":{"line":26,"column":1}},"line":23},"2":{"name":"(anonymous_2)","decl":{"start":{"line":28,"column":23},"end":{"line":28,"column":24}},"loc":{"start":{"line":28,"column":31},"end":{"line":30,"column":1}},"line":28},"3":{"name":"(anonymous_3)","decl":{"start":{"line":32,"column":28},"end":{"line":32,"column":29}},"loc":{"start":{"line":32,"column":42},"end":{"line":35,"column":1}},"line":32},"4":{"name":"(anonymous_4)","decl":{"start":{"line":37,"column":30},"end":{"line":37,"column":31}},"loc":{"start":{"line":37,"column":44},"end":{"line":40,"column":1}},"line":37},"5":{"name":"(anonymous_5)","decl":{"start":{"line":42,"column":29},"end":{"line":42,"column":30}},"loc":{"start":{"line":42,"column":43},"end":{"line":45,"column":1}},"line":42},"6":{"name":"(anonymous_6)","decl":{"start":{"line":51,"column":34},"end":{"line":51,"column":35}},"loc":{"start":{"line":51,"column":44},"end":{"line":54,"column":1}},"line":51},"7":{"name":"(anonymous_7)","decl":{"start":{"line":51,"column":44},"end":{"line":51,"column":45}},"loc":{"start":{"line":51,"column":58},"end":{"line":54,"column":1}},"line":51},"8":{"name":"(anonymous_8)","decl":{"start":{"line":60,"column":34},"end":{"line":60,"column":35}},"loc":{"start":{"line":60,"column":44},"end":{"line":69,"column":1}},"line":60},"9":{"name":"(anonymous_9)","decl":{"start":{"line":60,"column":44},"end":{"line":60,"column":45}},"loc":{"start":{"line":60,"column":74},"end":{"line":69,"column":1}},"line":60},"10":{"name":"(anonymous_10)","decl":{"start":{"line":64,"column":34},"end":{"line":64,"column":35}},"loc":{"start":{"line":64,"column":43},"end":{"line":64,"column":73}},"line":64},"11":{"name":"(anonymous_11)","decl":{"start":{"line":75,"column":28},"end":{"line":75,"column":29}},"loc":{"start":{"line":75,"column":38},"end":{"line":82,"column":1}},"line":75},"12":{"name":"(anonymous_12)","decl":{"start":{"line":75,"column":38},"end":{"line":75,"column":39}},"loc":{"start":{"line":75,"column":68},"end":{"line":82,"column":1}},"line":75},"13":{"name":"(anonymous_13)","decl":{"start":{"line":88,"column":23},"end":{"line":88,"column":24}},"loc":{"start":{"line":88,"column":35},"end":{"line":103,"column":1}},"line":88},"14":{"name":"(anonymous_14)","decl":{"start":{"line":88,"column":35},"end":{"line":88,"column":36}},"loc":{"start":{"line":88,"column":65},"end":{"line":103,"column":1}},"line":88},"15":{"name":"(anonymous_15)","decl":{"start":{"line":110,"column":27},"end":{"line":110,"column":28}},"loc":{"start":{"line":110,"column":45},"end":{"line":113,"column":1}},"line":110},"16":{"name":"(anonymous_16)","decl":{"start":{"line":110,"column":45},"end":{"line":110,"column":46}},"loc":{"start":{"line":110,"column":65},"end":{"line":113,"column":1}},"line":110}},"branchMap":{"0":{"loc":{"start":{"line":95,"column":2},"end":{"line":101,"column":3}},"type":"if","locations":[{"start":{"line":95,"column":2},"end":{"line":101,"column":3}},{"start":{"line":98,"column":9},"end":{"line":101,"column":3}}],"line":95}},"s":{"0":2,"1":2,"2":2,"3":2,"4":2,"5":2,"6":2,"7":2,"8":2,"9":2,"10":0,"11":2,"12":6,"13":2,"14":0,"15":2,"16":0,"17":2,"18":1,"19":2,"20":0,"21":0,"22":0,"23":2,"24":0,"25":0,"26":0,"27":0,"28":0,"29":0,"30":0,"31":2,"32":0,"33":0,"34":0,"35":0,"36":0,"37":2,"38":3,"39":3,"40":3,"41":3,"42":3,"43":2,"44":1,"45":3,"46":2,"47":0,"48":0,"49":0},"f":{"0":2,"1":0,"2":6,"3":0,"4":0,"5":1,"6":0,"7":0,"8":0,"9":0,"10":0,"11":0,"12":0,"13":3,"14":3,"15":0,"16":0},"b":{"0":[2,1]},"_coverageSchema":"1a1c01bbd47fc00a2c39e90264f33305004495a9","hash":"08a4db49560b41bbad53a334d2fb0fa91834c091"}
,"D:\\Denilson\\Technical test\\Reign\\technical-assessment\\src\\reducer\\index.js": {"path":"D:\\Denilson\\Technical test\\Reign\\technical-assessment\\src\\reducer\\index.js","statementMap":{"0":{"start":{"line":12,"column":12},"end":{"line":12,"column":52}},"1":{"start":{"line":14,"column":15},"end":{"line":14,"column":55}},"2":{"start":{"line":16,"column":21},"end":{"line":25,"column":1}},"3":{"start":{"line":27,"column":16},"end":{"line":65,"column":1}},"4":{"start":{"line":28,"column":2},"end":{"line":64,"column":3}},"5":{"start":{"line":30,"column":6},"end":{"line":36,"column":8}},"6":{"start":{"line":38,"column":6},"end":{"line":42,"column":8}},"7":{"start":{"line":44,"column":6},"end":{"line":49,"column":8}},"8":{"start":{"line":51,"column":6},"end":{"line":54,"column":8}},"9":{"start":{"line":56,"column":6},"end":{"line":59,"column":8}},"10":{"start":{"line":61,"column":6},"end":{"line":61,"column":55}},"11":{"start":{"line":63,"column":6},"end":{"line":63,"column":19}}},"fnMap":{"0":{"name":"(anonymous_0)","decl":{"start":{"line":27,"column":16},"end":{"line":27,"column":17}},"loc":{"start":{"line":27,"column":50},"end":{"line":65,"column":1}},"line":27}},"branchMap":{"0":{"loc":{"start":{"line":12,"column":12},"end":{"line":12,"column":52}},"type":"binary-expr","locations":[{"start":{"line":12,"column":12},"end":{"line":12,"column":46}},{"start":{"line":12,"column":50},"end":{"line":12,"column":52}}],"line":12},"1":{"loc":{"start":{"line":14,"column":15},"end":{"line":14,"column":55}},"type":"binary-expr","locations":[{"start":{"line":14,"column":15},"end":{"line":14,"column":42}},{"start":{"line":14,"column":46},"end":{"line":14,"column":55}}],"line":14},"2":{"loc":{"start":{"line":27,"column":17},"end":{"line":27,"column":37}},"type":"default-arg","locations":[{"start":{"line":27,"column":25},"end":{"line":27,"column":37}}],"line":27},"3":{"loc":{"start":{"line":28,"column":2},"end":{"line":64,"column":3}},"type":"switch","locations":[{"start":{"line":29,"column":4},"end":{"line":36,"column":8}},{"start":{"line":37,"column":4},"end":{"line":42,"column":8}},{"start":{"line":43,"column":4},"end":{"line":49,"column":8}},{"start":{"line":50,"column":4},"end":{"line":54,"column":8}},{"start":{"line":55,"column":4},"end":{"line":59,"column":8}},{"start":{"line":60,"column":4},"end":{"line":61,"column":55}},{"start":{"line":62,"column":4},"end":{"line":63,"column":19}}],"line":28}},"s":{"0":2,"1":2,"2":2,"3":2,"4":15,"5":2,"6":1,"7":0,"8":0,"9":0,"10":6,"11":6},"f":{"0":15},"b":{"0":[2,2],"1":[2,2],"2":[6],"3":[2,1,0,0,0,6,6]},"_coverageSchema":"1a1c01bbd47fc00a2c39e90264f33305004495a9","hash":"1b71e32d69ec8d643cb669b5c5cd5a4e3d568242"}
,"D:\\Denilson\\Technical test\\Reign\\technical-assessment\\src\\redux-config\\compose-reducer.js": {"path":"D:\\Denilson\\Technical test\\Reign\\technical-assessment\\src\\redux-config\\compose-reducer.js","statementMap":{},"fnMap":{},"branchMap":{},"s":{},"f":{},"b":{},"_coverageSchema":"1a1c01bbd47fc00a2c39e90264f33305004495a9","hash":"dbdefd31e9492a2a2fa8a7603267a14e1761a6af"}
,"D:\\Denilson\\Technical test\\Reign\\technical-assessment\\src\\redux-config\\store.js": {"path":"D:\\Denilson\\Technical test\\Reign\\technical-assessment\\src\\redux-config\\store.js","statementMap":{"0":{"start":{"line":5,"column":24},"end":{"line":5,"column":55}},"1":{"start":{"line":7,"column":14},"end":{"line":7,"column":52}}},"fnMap":{},"branchMap":{},"s":{"0":2,"1":2},"f":{},"b":{},"_coverageSchema":"1a1c01bbd47fc00a2c39e90264f33305004495a9","hash":"d125c99770324decf770a08f11bc4dba164cc0a6"}
,"D:\\Denilson\\Technical test\\Reign\\technical-assessment\\src\\utils\\dropdown.js": {"path":"D:\\Denilson\\Technical test\\Reign\\technical-assessment\\src\\utils\\dropdown.js","statementMap":{"0":{"start":{"line":1,"column":12},"end":{"line":1,"column":13}},"1":{"start":{"line":3,"column":23},"end":{"line":36,"column":1}},"2":{"start":{"line":4,"column":18},"end":{"line":4,"column":68}},"3":{"start":{"line":10,"column":4},"end":{"line":12,"column":5}},"4":{"start":{"line":11,"column":6},"end":{"line":11,"column":33}},"5":{"start":{"line":13,"column":4},"end":{"line":15,"column":5}},"6":{"start":{"line":14,"column":6},"end":{"line":14,"column":16}},"7":{"start":{"line":21,"column":2},"end":{"line":31,"column":3}},"8":{"start":{"line":23,"column":6},"end":{"line":23,"column":17}},"9":{"start":{"line":24,"column":6},"end":{"line":24,"column":12}},"10":{"start":{"line":26,"column":6},"end":{"line":26,"column":17}},"11":{"start":{"line":27,"column":6},"end":{"line":27,"column":12}},"12":{"start":{"line":29,"column":6},"end":{"line":29,"column":16}},"13":{"start":{"line":30,"column":6},"end":{"line":30,"column":12}},"14":{"start":{"line":33,"column":2},"end":{"line":33,"column":9}},"15":{"start":{"line":35,"column":2},"end":{"line":35,"column":25}},"16":{"start":{"line":40,"column":16},"end":{"line":40,"column":58}},"17":{"start":{"line":41,"column":2},"end":{"line":41,"column":55}},"18":{"start":{"line":44,"column":2},"end":{"line":49,"column":3}},"19":{"start":{"line":45,"column":4},"end":{"line":45,"column":52}},"20":{"start":{"line":48,"column":4},"end":{"line":48,"column":55}}},"fnMap":{"0":{"name":"(anonymous_0)","decl":{"start":{"line":3,"column":23},"end":{"line":3,"column":24}},"loc":{"start":{"line":3,"column":37},"end":{"line":36,"column":1}},"line":3},"1":{"name":"move","decl":{"start":{"line":9,"column":11},"end":{"line":9,"column":15}},"loc":{"start":{"line":9,"column":18},"end":{"line":16,"column":3}},"line":9},"2":{"name":"(anonymous_2)","decl":{"start":{"line":39,"column":15},"end":{"line":39,"column":16}},"loc":{"start":{"line":39,"column":21},"end":{"line":50,"column":1}},"line":39}},"branchMap":{"0":{"loc":{"start":{"line":10,"column":4},"end":{"line":12,"column":5}},"type":"if","locations":[{"start":{"line":10,"column":4},"end":{"line":12,"column":5}},{"start":{},"end":{}}],"line":10},"1":{"loc":{"start":{"line":13,"column":4},"end":{"line":15,"column":5}},"type":"if","locations":[{"start":{"line":13,"column":4},"end":{"line":15,"column":5}},{"start":{},"end":{}}],"line":13},"2":{"loc":{"start":{"line":21,"column":2},"end":{"line":31,"column":3}},"type":"switch","locations":[{"start":{"line":22,"column":4},"end":{"line":24,"column":12}},{"start":{"line":25,"column":4},"end":{"line":27,"column":12}},{"start":{"line":28,"column":4},"end":{"line":30,"column":12}}],"line":21},"3":{"loc":{"start":{"line":44,"column":2},"end":{"line":49,"column":3}},"type":"if","locations":[{"start":{"line":44,"column":2},"end":{"line":49,"column":3}},{"start":{"line":46,"column":9},"end":{"line":49,"column":3}}],"line":44}},"s":{"0":2,"1":2,"2":0,"3":0,"4":0,"5":0,"6":0,"7":0,"8":0,"9":0,"10":0,"11":0,"12":0,"13":0,"14":0,"15":0,"16":1,"17":1,"18":0,"19":0,"20":0},"f":{"0":0,"1":0,"2":1},"b":{"0":[0,0],"1":[0,0],"2":[0,0,0],"3":[0,0]},"_coverageSchema":"1a1c01bbd47fc00a2c39e90264f33305004495a9","hash":"82001dbe6c842fc87c62d58a62fd8183027fd0a4"}
,"D:\\Denilson\\Technical test\\Reign\\technical-assessment\\src\\utils\\localStorage.js": {"path":"D:\\Denilson\\Technical test\\Reign\\technical-assessment\\src\\utils\\localStorage.js","statementMap":{"0":{"start":{"line":1,"column":32},"end":{"line":3,"column":1}},"1":{"start":{"line":2,"column":2},"end":{"line":2,"column":38}},"2":{"start":{"line":5,"column":31},"end":{"line":5,"column":67}},"3":{"start":{"line":5,"column":41},"end":{"line":5,"column":67}}},"fnMap":{"0":{"name":"(anonymous_0)","decl":{"start":{"line":1,"column":32},"end":{"line":1,"column":33}},"loc":{"start":{"line":1,"column":51},"end":{"line":3,"column":1}},"line":1},"1":{"name":"(anonymous_1)","decl":{"start":{"line":5,"column":31},"end":{"line":5,"column":32}},"loc":{"start":{"line":5,"column":41},"end":{"line":5,"column":67}},"line":5}},"branchMap":{},"s":{"0":2,"1":0,"2":2,"3":4},"f":{"0":0,"1":4},"b":{},"_coverageSchema":"1a1c01bbd47fc00a2c39e90264f33305004495a9","hash":"8471c3dd088c55a42b099d6613d825edd4d73b19"}
,"D:\\Denilson\\Technical test\\Reign\\technical-assessment\\src\\utils\\time-ago.js": {"path":"D:\\Denilson\\Technical test\\Reign\\technical-assessment\\src\\utils\\time-ago.js","statementMap":{"0":{"start":{"line":1,"column":13},"end":{"line":1,"column":46}},"1":{"start":{"line":2,"column":15},"end":{"line":2,"column":66}},"2":{"start":{"line":5,"column":19},"end":{"line":5,"column":56}},"3":{"start":{"line":5,"column":37},"end":{"line":5,"column":56}},"4":{"start":{"line":6,"column":19},"end":{"line":6,"column":63}},"5":{"start":{"line":6,"column":37},"end":{"line":6,"column":63}},"6":{"start":{"line":7,"column":17},"end":{"line":7,"column":66}},"7":{"start":{"line":7,"column":35},"end":{"line":7,"column":66}},"8":{"start":{"line":8,"column":16},"end":{"line":8,"column":70}},"9":{"start":{"line":8,"column":34},"end":{"line":8,"column":70}},"10":{"start":{"line":15,"column":22},"end":{"line":49,"column":1}},"11":{"start":{"line":17,"column":2},"end":{"line":48,"column":3}},"12":{"start":{"line":18,"column":4},"end":{"line":18,"column":61}},"13":{"start":{"line":18,"column":23},"end":{"line":18,"column":61}},"14":{"start":{"line":19,"column":16},"end":{"line":19,"column":26}},"15":{"start":{"line":20,"column":21},"end":{"line":20,"column":35}},"16":{"start":{"line":22,"column":25},"end":{"line":22,"column":39}},"17":{"start":{"line":23,"column":4},"end":{"line":45,"column":5}},"18":{"start":{"line":26,"column":8},"end":{"line":29,"column":10}},"19":{"start":{"line":32,"column":8},"end":{"line":35,"column":10}},"20":{"start":{"line":38,"column":8},"end":{"line":38,"column":77}},"21":{"start":{"line":41,"column":8},"end":{"line":41,"column":75}},"22":{"start":{"line":44,"column":8},"end":{"line":44,"column":78}},"23":{"start":{"line":47,"column":4},"end":{"line":47,"column":25}}},"fnMap":{"0":{"name":"(anonymous_0)","decl":{"start":{"line":5,"column":19},"end":{"line":5,"column":20}},"loc":{"start":{"line":5,"column":37},"end":{"line":5,"column":56}},"line":5},"1":{"name":"(anonymous_1)","decl":{"start":{"line":6,"column":19},"end":{"line":6,"column":20}},"loc":{"start":{"line":6,"column":37},"end":{"line":6,"column":63}},"line":6},"2":{"name":"(anonymous_2)","decl":{"start":{"line":7,"column":17},"end":{"line":7,"column":18}},"loc":{"start":{"line":7,"column":35},"end":{"line":7,"column":66}},"line":7},"3":{"name":"(anonymous_3)","decl":{"start":{"line":8,"column":16},"end":{"line":8,"column":17}},"loc":{"start":{"line":8,"column":34},"end":{"line":8,"column":70}},"line":8},"4":{"name":"(anonymous_4)","decl":{"start":{"line":15,"column":22},"end":{"line":15,"column":23}},"loc":{"start":{"line":15,"column":32},"end":{"line":49,"column":1}},"line":15}},"branchMap":{"0":{"loc":{"start":{"line":18,"column":4},"end":{"line":18,"column":61}},"type":"if","locations":[{"start":{"line":18,"column":4},"end":{"line":18,"column":61}},{"start":{},"end":{}}],"line":18},"1":{"loc":{"start":{"line":23,"column":4},"end":{"line":45,"column":5}},"type":"switch","locations":[{"start":{"line":25,"column":6},"end":{"line":29,"column":10}},{"start":{"line":31,"column":6},"end":{"line":35,"column":10}},{"start":{"line":37,"column":6},"end":{"line":38,"column":77}},{"start":{"line":40,"column":6},"end":{"line":41,"column":75}},{"start":{"line":43,"column":6},"end":{"line":44,"column":78}}],"line":23}},"s":{"0":2,"1":2,"2":2,"3":12,"4":2,"5":11,"6":2,"7":14,"8":2,"9":5,"10":2,"11":12,"12":12,"13":1,"14":11,"15":11,"16":11,"17":11,"18":1,"19":1,"20":5,"21":1,"22":3,"23":3},"f":{"0":12,"1":11,"2":14,"3":5,"4":12},"b":{"0":[1,11],"1":[1,1,5,1,3]},"_coverageSchema":"1a1c01bbd47fc00a2c39e90264f33305004495a9","hash":"2df9e8ba23648a8c1581b166fc75cb95318e7287"}
}
