{"D:\\Denilson\\Technical test\\Reign\\technical-assessment\\src\\components\\header\\index.jsx": {"path":"D:\\Denilson\\Technical test\\Reign\\technical-assessment\\src\\components\\header\\index.jsx","statementMap":{"0":{"start":{"line":4,"column":15},"end":{"line":10,"column":1}},"1":{"start":{"line":5,"column":2},"end":{"line":9,"column":4}}},"fnMap":{"0":{"name":"(anonymous_0)","decl":{"start":{"line":4,"column":15},"end":{"line":4,"column":16}},"loc":{"start":{"line":4,"column":21},"end":{"line":10,"column":1}},"line":4}},"branchMap":{},"s":{"0":1,"1":1},"f":{"0":1},"b":{},"_coverageSchema":"1a1c01bbd47fc00a2c39e90264f33305004495a9","hash":"7807e71b27565e550b993ccb62e9a83e6d1eeed6"}
,"D:\\Denilson\\Technical test\\Reign\\technical-assessment\\src\\utils\\time-ago.js": {"path":"D:\\Denilson\\Technical test\\Reign\\technical-assessment\\src\\utils\\time-ago.js","statementMap":{"0":{"start":{"line":1,"column":13},"end":{"line":1,"column":46}},"1":{"start":{"line":2,"column":15},"end":{"line":2,"column":66}},"2":{"start":{"line":5,"column":19},"end":{"line":5,"column":56}},"3":{"start":{"line":5,"column":37},"end":{"line":5,"column":56}},"4":{"start":{"line":6,"column":19},"end":{"line":6,"column":63}},"5":{"start":{"line":6,"column":37},"end":{"line":6,"column":63}},"6":{"start":{"line":7,"column":17},"end":{"line":7,"column":66}},"7":{"start":{"line":7,"column":35},"end":{"line":7,"column":66}},"8":{"start":{"line":8,"column":16},"end":{"line":8,"column":70}},"9":{"start":{"line":8,"column":34},"end":{"line":8,"column":70}},"10":{"start":{"line":15,"column":22},"end":{"line":49,"column":1}},"11":{"start":{"line":17,"column":2},"end":{"line":48,"column":3}},"12":{"start":{"line":18,"column":4},"end":{"line":18,"column":61}},"13":{"start":{"line":18,"column":23},"end":{"line":18,"column":61}},"14":{"start":{"line":19,"column":16},"end":{"line":19,"column":26}},"15":{"start":{"line":20,"column":21},"end":{"line":20,"column":35}},"16":{"start":{"line":22,"column":25},"end":{"line":22,"column":39}},"17":{"start":{"line":23,"column":4},"end":{"line":45,"column":5}},"18":{"start":{"line":26,"column":8},"end":{"line":29,"column":10}},"19":{"start":{"line":32,"column":8},"end":{"line":35,"column":10}},"20":{"start":{"line":38,"column":8},"end":{"line":38,"column":77}},"21":{"start":{"line":41,"column":8},"end":{"line":41,"column":75}},"22":{"start":{"line":44,"column":8},"end":{"line":44,"column":78}},"23":{"start":{"line":47,"column":4},"end":{"line":47,"column":25}}},"fnMap":{"0":{"name":"(anonymous_0)","decl":{"start":{"line":5,"column":19},"end":{"line":5,"column":20}},"loc":{"start":{"line":5,"column":37},"end":{"line":5,"column":56}},"line":5},"1":{"name":"(anonymous_1)","decl":{"start":{"line":6,"column":19},"end":{"line":6,"column":20}},"loc":{"start":{"line":6,"column":37},"end":{"line":6,"column":63}},"line":6},"2":{"name":"(anonymous_2)","decl":{"start":{"line":7,"column":17},"end":{"line":7,"column":18}},"loc":{"start":{"line":7,"column":35},"end":{"line":7,"column":66}},"line":7},"3":{"name":"(anonymous_3)","decl":{"start":{"line":8,"column":16},"end":{"line":8,"column":17}},"loc":{"start":{"line":8,"column":34},"end":{"line":8,"column":70}},"line":8},"4":{"name":"(anonymous_4)","decl":{"start":{"line":15,"column":22},"end":{"line":15,"column":23}},"loc":{"start":{"line":15,"column":32},"end":{"line":49,"column":1}},"line":15}},"branchMap":{"0":{"loc":{"start":{"line":18,"column":4},"end":{"line":18,"column":61}},"type":"if","locations":[{"start":{"line":18,"column":4},"end":{"line":18,"column":61}},{"start":{},"end":{}}],"line":18},"1":{"loc":{"start":{"line":23,"column":4},"end":{"line":45,"column":5}},"type":"switch","locations":[{"start":{"line":25,"column":6},"end":{"line":29,"column":10}},{"start":{"line":31,"column":6},"end":{"line":35,"column":10}},{"start":{"line":37,"column":6},"end":{"line":38,"column":77}},{"start":{"line":40,"column":6},"end":{"line":41,"column":75}},{"start":{"line":43,"column":6},"end":{"line":44,"column":78}}],"line":23}},"s":{"0":1,"1":1,"2":1,"3":8,"4":1,"5":7,"6":1,"7":6,"8":1,"9":5,"10":1,"11":8,"12":8,"13":1,"14":7,"15":7,"16":7,"17":7,"18":1,"19":1,"20":1,"21":1,"22":3,"23":3},"f":{"0":8,"1":7,"2":6,"3":5,"4":8},"b":{"0":[1,7],"1":[1,1,1,1,3]},"_coverageSchema":"1a1c01bbd47fc00a2c39e90264f33305004495a9","hash":"2df9e8ba23648a8c1581b166fc75cb95318e7287"}
}
