TN:
SF:src\api\search.js
FN:7,(anonymous_0)
FN:16,(anonymous_1)
FN:20,(anonymous_2)
FN:30,(anonymous_3)
FN:38,(anonymous_4)
FNF:5
FNH:5
FNDA:2,(anonymous_0)
FNDA:3,(anonymous_1)
FNDA:3,(anonymous_2)
FNDA:2,(anonymous_3)
FNDA:1,(anonymous_4)
DA:1,2
DA:7,2
DA:8,2
DA:16,2
DA:17,3
DA:24,3
DA:25,1
DA:28,2
DA:31,2
DA:35,2
DA:36,2
DA:38,1
DA:39,3
LF:13
LH:13
BRDA:24,0,0,1
BRDA:24,0,1,2
BRF:2
BRH:2
end_of_record
TN:
SF:src\components\dropdown\index.jsx
FN:13,(anonymous_0)
FN:17,(anonymous_1)
FN:26,(anonymous_2)
FN:32,(anonymous_3)
FN:42,(anonymous_4)
FN:51,(anonymous_5)
FN:54,(anonymous_6)
FN:60,(anonymous_7)
FNF:8
FNH:4
FNDA:10,(anonymous_0)
FNDA:19,(anonymous_1)
FNDA:1,(anonymous_2)
FNDA:0,(anonymous_3)
FNDA:0,(anonymous_4)
FNDA:30,(anonymous_5)
FNDA:0,(anonymous_6)
FNDA:0,(anonymous_7)
DA:13,2
DA:17,19
DA:21,10
DA:26,10
DA:27,1
DA:32,10
DA:33,0
DA:34,0
DA:35,0
DA:38,10
DA:42,0
DA:52,30
DA:56,0
DA:57,0
DA:60,0
LF:15
LH:8
BRDA:42,0,0,0
BRDA:42,0,1,0
BRDA:56,1,0,0
BRDA:56,1,1,0
BRDA:60,2,0,0
BRDA:60,2,1,0
BRDA:65,3,0,30
BRDA:65,3,1,10
BRF:8
BRH:2
end_of_record
TN:
SF:src\components\fav-button\index.jsx
FN:5,(anonymous_0)
FNF:1
FNH:1
FNDA:4,(anonymous_0)
DA:5,1
DA:6,4
LF:2
LH:2
BRDA:10,0,0,0
BRDA:10,0,1,4
BRF:2
BRH:1
end_of_record
TN:
SF:src\components\header\index.jsx
FN:4,(anonymous_0)
FNF:1
FNH:1
FNDA:1,(anonymous_0)
DA:4,1
DA:5,1
LF:2
LH:2
BRF:0
BRH:0
end_of_record
TN:
SF:src\components\loader\index.jsx
FN:4,(anonymous_0)
FNF:1
FNH:1
FNDA:3,(anonymous_0)
DA:4,3
LF:1
LH:1
BRF:0
BRH:0
end_of_record
TN:
SF:src\components\news-item\index.jsx
FN:13,(anonymous_0)
FN:18,(anonymous_1)
FN:19,(anonymous_2)
FN:29,(anonymous_3)
FN:30,(anonymous_4)
FN:32,(anonymous_5)
FNF:6
FNH:2
FNDA:4,(anonymous_0)
FNDA:6,(anonymous_1)
FNDA:0,(anonymous_2)
FNDA:0,(anonymous_3)
FNDA:0,(anonymous_4)
FNDA:0,(anonymous_5)
DA:13,1
DA:14,4
DA:18,6
DA:19,4
DA:23,4
DA:29,4
DA:30,4
DA:32,4
DA:33,0
DA:34,0
DA:37,4
LF:11
LH:9
BRDA:33,0,0,0
BRDA:33,0,1,0
BRF:2
BRH:0
end_of_record
TN:
SF:src\containers\news\index.jsx
FN:13,(anonymous_0)
FN:17,(anonymous_1)
FN:22,(anonymous_2)
FN:28,(anonymous_3)
FN:36,(anonymous_4)
FN:41,(anonymous_5)
FN:49,(anonymous_6)
FN:67,(anonymous_7)
FNF:8
FNH:6
FNDA:9,(anonymous_0)
FNDA:18,(anonymous_1)
FNDA:9,(anonymous_2)
FNDA:9,(anonymous_3)
FNDA:3,(anonymous_4)
FNDA:0,(anonymous_5)
FNDA:0,(anonymous_6)
FNDA:4,(anonymous_7)
DA:13,1
DA:14,9
DA:17,18
DA:20,9
DA:22,9
DA:23,9
DA:24,9
DA:25,4
DA:28,9
DA:29,9
DA:36,9
DA:37,3
DA:41,9
DA:42,0
DA:44,0
DA:49,9
DA:50,0
DA:51,0
DA:54,9
DA:68,4
LF:20
LH:16
BRDA:24,0,0,4
BRDA:24,0,1,5
BRDA:29,1,0,2
BRDA:29,1,1,7
BRDA:42,2,0,0
BRDA:42,2,1,0
BRDA:44,3,0,0
BRDA:44,3,1,0
BRDA:64,4,0,9
BRDA:64,4,1,3
BRDA:65,5,0,9
BRDA:65,5,1,6
BRDA:65,5,2,5
BRDA:70,6,0,5
BRDA:70,6,1,4
BRDA:73,7,0,9
BRDA:73,7,1,1
BRF:17
BRH:13
end_of_record
TN:
SF:src\reducer\actions.js
FN:18,(anonymous_0)
FN:23,(anonymous_1)
FN:28,(anonymous_2)
FN:32,(anonymous_3)
FN:37,(anonymous_4)
FN:42,(anonymous_5)
FN:51,(anonymous_6)
FN:51,(anonymous_7)
FN:60,(anonymous_8)
FN:60,(anonymous_9)
FN:64,(anonymous_10)
FN:75,(anonymous_11)
FN:75,(anonymous_12)
FN:88,(anonymous_13)
FN:88,(anonymous_14)
FN:110,(anonymous_15)
FN:110,(anonymous_16)
FNF:17
FNH:5
FNDA:2,(anonymous_0)
FNDA:0,(anonymous_1)
FNDA:6,(anonymous_2)
FNDA:0,(anonymous_3)
FNDA:0,(anonymous_4)
FNDA:1,(anonymous_5)
FNDA:0,(anonymous_6)
FNDA:0,(anonymous_7)
FNDA:0,(anonymous_8)
FNDA:0,(anonymous_9)
FNDA:0,(anonymous_10)
FNDA:0,(anonymous_11)
FNDA:0,(anonymous_12)
FNDA:3,(anonymous_13)
FNDA:3,(anonymous_14)
FNDA:0,(anonymous_15)
FNDA:0,(anonymous_16)
DA:7,2
DA:8,2
DA:9,2
DA:10,2
DA:11,2
DA:12,2
DA:13,2
DA:18,2
DA:23,2
DA:28,6
DA:32,2
DA:37,2
DA:42,2
DA:51,2
DA:52,0
DA:53,0
DA:60,2
DA:62,0
DA:64,0
DA:65,0
DA:67,0
DA:68,0
DA:75,2
DA:77,0
DA:78,0
DA:80,0
DA:81,0
DA:88,3
DA:90,3
DA:92,3
DA:94,3
DA:95,3
DA:97,2
DA:100,1
DA:102,3
DA:110,2
DA:111,0
DA:112,0
LF:38
LH:25
BRDA:95,0,0,2
BRDA:95,0,1,1
BRF:2
BRH:2
end_of_record
TN:
SF:src\reducer\index.js
FN:27,(anonymous_0)
FNF:1
FNH:1
FNDA:15,(anonymous_0)
DA:12,2
DA:14,2
DA:16,2
DA:27,2
DA:28,15
DA:30,2
DA:38,1
DA:44,0
DA:51,0
DA:56,0
DA:61,6
DA:63,6
LF:12
LH:9
BRDA:12,0,0,2
BRDA:12,0,1,2
BRDA:14,1,0,2
BRDA:14,1,1,2
BRDA:27,2,0,6
BRDA:28,3,0,2
BRDA:28,3,1,1
BRDA:28,3,2,0
BRDA:28,3,3,0
BRDA:28,3,4,0
BRDA:28,3,5,6
BRDA:28,3,6,6
BRF:12
BRH:9
end_of_record
TN:
SF:src\redux-config\compose-reducer.js
FNF:0
FNH:0
LF:0
LH:0
BRF:0
BRH:0
end_of_record
TN:
SF:src\redux-config\store.js
FNF:0
FNH:0
DA:5,2
DA:7,2
LF:2
LH:2
BRF:0
BRH:0
end_of_record
TN:
SF:src\utils\dropdown.js
FN:3,(anonymous_0)
FN:9,move
FN:39,(anonymous_2)
FNF:3
FNH:1
FNDA:0,(anonymous_0)
FNDA:0,move
FNDA:1,(anonymous_2)
DA:1,2
DA:3,2
DA:4,0
DA:10,0
DA:11,0
DA:13,0
DA:14,0
DA:21,0
DA:23,0
DA:24,0
DA:26,0
DA:27,0
DA:29,0
DA:30,0
DA:33,0
DA:35,0
DA:40,1
DA:41,1
DA:44,0
DA:45,0
DA:48,0
LF:21
LH:4
BRDA:10,0,0,0
BRDA:10,0,1,0
BRDA:13,1,0,0
BRDA:13,1,1,0
BRDA:21,2,0,0
BRDA:21,2,1,0
BRDA:21,2,2,0
BRDA:44,3,0,0
BRDA:44,3,1,0
BRF:9
BRH:0
end_of_record
TN:
SF:src\utils\localStorage.js
FN:1,(anonymous_0)
FN:5,(anonymous_1)
FNF:2
FNH:1
FNDA:0,(anonymous_0)
FNDA:4,(anonymous_1)
DA:1,2
DA:2,0
DA:5,4
LF:3
LH:2
BRF:0
BRH:0
end_of_record
TN:
SF:src\utils\time-ago.js
FN:5,(anonymous_0)
FN:6,(anonymous_1)
FN:7,(anonymous_2)
FN:8,(anonymous_3)
FN:15,(anonymous_4)
FNF:5
FNH:5
FNDA:12,(anonymous_0)
FNDA:11,(anonymous_1)
FNDA:14,(anonymous_2)
FNDA:5,(anonymous_3)
FNDA:12,(anonymous_4)
DA:1,2
DA:2,2
DA:5,12
DA:6,11
DA:7,14
DA:8,5
DA:15,2
DA:17,12
DA:18,12
DA:19,11
DA:20,11
DA:22,11
DA:23,11
DA:26,1
DA:32,1
DA:38,5
DA:41,1
DA:44,3
DA:47,3
LF:19
LH:19
BRDA:18,0,0,1
BRDA:18,0,1,11
BRDA:23,1,0,1
BRDA:23,1,1,1
BRDA:23,1,2,5
BRDA:23,1,3,1
BRDA:23,1,4,3
BRF:7
BRH:7
end_of_record
