TN:
SF:src\components\header\index.jsx
FN:4,(anonymous_0)
FNF:1
FNH:1
FNDA:1,(anonymous_0)
DA:4,1
DA:5,1
LF:2
LH:2
BRF:0
BRH:0
end_of_record
TN:
SF:src\utils\time-ago.js
FN:5,(anonymous_0)
FN:6,(anonymous_1)
FN:7,(anonymous_2)
FN:8,(anonymous_3)
FN:15,(anonymous_4)
FNF:5
FNH:5
FNDA:8,(anonymous_0)
FNDA:7,(anonymous_1)
FNDA:6,(anonymous_2)
FNDA:5,(anonymous_3)
FNDA:8,(anonymous_4)
DA:1,1
DA:2,1
DA:5,8
DA:6,7
DA:7,6
DA:8,5
DA:15,1
DA:17,8
DA:18,8
DA:19,7
DA:20,7
DA:22,7
DA:23,7
DA:26,1
DA:32,1
DA:38,1
DA:41,1
DA:44,3
DA:47,3
LF:19
LH:19
BRDA:18,0,0,1
BRDA:18,0,1,7
BRDA:23,1,0,1
BRDA:23,1,1,1
BRDA:23,1,2,1
BRDA:23,1,3,1
BRDA:23,1,4,3
BRF:7
BRH:7
end_of_record
